INFO:encore:314 - Created non-GUI application for batch mode execution.
Wrote CGP file for project 'coregen'.
INFO:sim:172 - Generating IP...
Resolving generic values...
Finished resolving generic values.
Generating IP...
Gathering HDL files for icon_pro root...
Creating XST project for icon_pro...
Creating XST script file for icon_pro...
Creating XST instantiation file for icon_pro...
Running XST for icon_pro...
XST: HDL Parsing
XST: HDL Elaboration
XST: HDL Synthesis
XST: Advanced HDL Synthesis
XST: Low Level Synthesis
XST: Design Summary
Generating VHDL wrapper
Not generating Verilog wrapper
Creating ISE instantiation template for icon_pro...
Skipping Verilog instantiation template for icon_pro...
Finished Generation.
Generating IP instantiation template...
INFO:sim:949 - Finished generation of ASY schematic symbol.
Generating metadata file...
Generating ISE project...
XCO file found: icon_pro.xco
XMDF file found: icon_pro_xmdf.tcl
Adding
D:/03_FPGA_Project/01_UAV_CMOS/02_FPGA/UAV_CMOS_2Degree/UAV_CMOS/_ngo/cs_icon_pr
o/tmp/_cg/icon_pro.ngc -view all -origin_type created
Checking file
"D:/03_FPGA_Project/01_UAV_CMOS/02_FPGA/UAV_CMOS_2Degree/UAV_CMOS/_ngo/cs_icon_p
ro/tmp/_cg/icon_pro.ngc" for project device match ...
File
"D:/03_FPGA_Project/01_UAV_CMOS/02_FPGA/UAV_CMOS_2Degree/UAV_CMOS/_ngo/cs_icon_p
ro/tmp/_cg/icon_pro.ngc" device information matches project device.
Adding
D:/03_FPGA_Project/01_UAV_CMOS/02_FPGA/UAV_CMOS_2Degree/UAV_CMOS/_ngo/cs_icon_pr
o/tmp/_cg/icon_pro.ucf -view all -origin_type created
Adding
D:/03_FPGA_Project/01_UAV_CMOS/02_FPGA/UAV_CMOS_2Degree/UAV_CMOS/_ngo/cs_icon_pr
o/tmp/_cg/icon_pro.vhd -view all -origin_type created
INFO:HDLCompiler:1061 - Parsing VHDL file
   "D:/03_FPGA_Project/01_UAV_CMOS/02_FPGA/UAV_CMOS_2Degree/UAV_CMOS/_ngo/cs_ico
   n_pro/tmp/_cg/icon_pro.vhd" into library work
INFO:ProjectMgmt - Parsing design hierarchy completed successfully.
Adding
D:/03_FPGA_Project/01_UAV_CMOS/02_FPGA/UAV_CMOS_2Degree/UAV_CMOS/_ngo/cs_icon_pr
o/tmp/_cg/icon_pro.vho -view all -origin_type imported
INFO:TclTasksC:2116 - The automatic calculation of top has been turned-off.
   Please set the new top explicitly by running the "project set top" command.
   To re-calculate the new top automatically, set the "Auto Implementation Top"
   property to true.
Top level has been set to "/icon_pro"
Generating README file...
Generating FLIST file...
INFO:sim:948 - Finished FLIST file generation.
Moving files to output directory...
Finished moving files to output directory
Saved CGP file for project 'coregen'.
