INFO:sim:172 - Generating IP...
Applying current project options...
Finished applying current project options.
WARNING:sim - A core named 'clock_DCM' already exists in the project. Output
   products for this core may be overwritten.
Resolving generics for 'clock_DCM'...
WARNING:sim - A core named 'clock_DCM' already exists in the project. Output
   products for this core may be overwritten.
Applying external generics to 'clock_DCM'...
Delivering associated files for 'clock_DCM'...
WARNING:sim - Component clk_wiz_v3_6 does not have a valid model name for
   Verilog synthesis
Delivering EJava files for 'clock_DCM'...
Delivered 3 files into directory
G:/gitDoc/fpga/UAV_CMOS_2Degree_20171106/UAV_CMOS_2Degree/UAV_CMOS/ipcore_dir/tm
p/_cg/clock_DCM
Delivered 1 file into directory
G:/gitDoc/fpga/UAV_CMOS_2Degree_20171106/UAV_CMOS_2Degree/UAV_CMOS/ipcore_dir/tm
p/_cg/clock_DCM
Generating ASY schematic symbol...
Loading device for application Rf_Device from file '6slx45.nph' in environment
E:\xlinx\14.7\ISE_DS\ISE\.
INFO:sim:949 - Finished generation of ASY schematic symbol.
Generating SYM schematic symbol for 'clock_DCM'...
Generating ISE project...
XCO file found: clock_DCM.xco
XMDF file found: clock_DCM_xmdf.tcl
Adding
G:/gitDoc/fpga/UAV_CMOS_2Degree_20171106/UAV_CMOS_2Degree/UAV_CMOS/ipcore_dir/tm
p/_cg/clock_DCM.asy -view all -origin_type imported
Adding
G:/gitDoc/fpga/UAV_CMOS_2Degree_20171106/UAV_CMOS_2Degree/UAV_CMOS/ipcore_dir/tm
p/_cg/clock_DCM.ucf -view all -origin_type created
Adding
G:/gitDoc/fpga/UAV_CMOS_2Degree_20171106/UAV_CMOS_2Degree/UAV_CMOS/ipcore_dir/tm
p/_cg/clock_DCM.v -view all -origin_type created
INFO:HDLCompiler:1845 - Analyzing Verilog file
   "G:/gitDoc/fpga/UAV_CMOS_2Degree_20171106/UAV_CMOS_2Degree/UAV_CMOS/ipcore_di
   r/tmp/_cg/clock_DCM.v" into library work
INFO:ProjectMgmt - Parsing design hierarchy completed successfully.
Adding
G:/gitDoc/fpga/UAV_CMOS_2Degree_20171106/UAV_CMOS_2Degree/UAV_CMOS/ipcore_dir/tm
p/_cg/clock_DCM.veo -view all -origin_type imported
INFO:TclTasksC:2116 - The automatic calculation of top has been turned-off.
   Please set the new top explicitly by running the "project set top" command.
   To re-calculate the new top automatically, set the "Auto Implementation Top"
   property to true.
Top level has been set to "/clock_DCM"
Generating README file...
Generating FLIST file...
INFO:sim:948 - Finished FLIST file generation.
Launching README viewer...
Moving files to output directory...
Finished moving files to output directory
Wrote CGP file for project 'clock_DCM'.
